java.lang.RuntimeException: No other nodes seen!  Unable to bootstrap.If you intended to start a single-node cluster, you should make sure your broadcast_address (or listen_address) is listed as a seed.  Otherwise, you need to determine why the seed being contacted has no knowledge of the rest of the cluster.  Usually, this can be solved by giving all nodes the same seed list.
	at org.apache.cassandra.dht.BootStrapper.getBootstrapSource(BootStrapper.java:154)
	at org.apache.cassandra.dht.BootStrapper.getBalancedToken(BootStrapper.java:135)
	at org.apache.cassandra.dht.BootStrapper.getBootstrapTokens(BootStrapper.java:115)
	at org.apache.cassandra.service.StorageService.joinTokenRing(StorageService.java:666)
	at org.apache.cassandra.service.StorageService.initServer(StorageService.java:554)
	at org.apache.cassandra.service.StorageService.initServer(StorageService.java:451)
	at org.apache.cassandra.service.CassandraDaemon.setup(CassandraDaemon.java:347)
	at org.apache.cassandra.service.CassandraDaemon.activate(CassandraDaemon.java:446)
	at org.apache.cassandra.service.CassandraDaemon.main(CassandraDaemon.java:489)
java.lang.RuntimeException: No other nodes seen!  Unable to bootstrap.If you intended to start a single-node cluster, you should make sure your broadcast_address (or listen_address) is listed as a seed.  Otherwise, you need to determine why the seed being contacted has no knowledge of the rest of the cluster.  Usually, this can be solved by giving all nodes the same seed list.
	at org.apache.cassandra.dht.BootStrapper.getBootstrapSource(BootStrapper.java:154)
	at org.apache.cassandra.dht.BootStrapper.getBalancedToken(BootStrapper.java:135)
	at org.apache.cassandra.dht.BootStrapper.getBootstrapTokens(BootStrapper.java:115)
	at org.apache.cassandra.service.StorageService.joinTokenRing(StorageService.java:666)
	at org.apache.cassandra.service.StorageService.initServer(StorageService.java:554)
	at org.apache.cassandra.service.StorageService.initServer(StorageService.java:451)
	at org.apache.cassandra.service.CassandraDaemon.setup(CassandraDaemon.java:347)
	at org.apache.cassandra.service.CassandraDaemon.activate(CassandraDaemon.java:446)
	at org.apache.cassandra.service.CassandraDaemon.main(CassandraDaemon.java:489)
java.lang.RuntimeException: No other nodes seen!  Unable to bootstrap.If you intended to start a single-node cluster, you should make sure your broadcast_address (or listen_address) is listed as a seed.  Otherwise, you need to determine why the seed being contacted has no knowledge of the rest of the cluster.  Usually, this can be solved by giving all nodes the same seed list.
	at org.apache.cassandra.dht.BootStrapper.getBootstrapSource(BootStrapper.java:154)
	at org.apache.cassandra.dht.BootStrapper.getBalancedToken(BootStrapper.java:135)
	at org.apache.cassandra.dht.BootStrapper.getBootstrapTokens(BootStrapper.java:115)
	at org.apache.cassandra.service.StorageService.joinTokenRing(StorageService.java:666)
	at org.apache.cassandra.service.StorageService.initServer(StorageService.java:554)
	at org.apache.cassandra.service.StorageService.initServer(StorageService.java:451)
	at org.apache.cassandra.service.CassandraDaemon.setup(CassandraDaemon.java:347)
	at org.apache.cassandra.service.CassandraDaemon.activate(CassandraDaemon.java:446)
	at org.apache.cassandra.service.CassandraDaemon.main(CassandraDaemon.java:489)
java.lang.RuntimeException: No other nodes seen!  Unable to bootstrap.If you intended to start a single-node cluster, you should make sure your broadcast_address (or listen_address) is listed as a seed.  Otherwise, you need to determine why the seed being contacted has no knowledge of the rest of the cluster.  Usually, this can be solved by giving all nodes the same seed list.
	at org.apache.cassandra.dht.BootStrapper.getBootstrapSource(BootStrapper.java:154)
	at org.apache.cassandra.dht.BootStrapper.getBalancedToken(BootStrapper.java:135)
	at org.apache.cassandra.dht.BootStrapper.getBootstrapTokens(BootStrapper.java:115)
	at org.apache.cassandra.service.StorageService.joinTokenRing(StorageService.java:666)
	at org.apache.cassandra.service.StorageService.initServer(StorageService.java:554)
	at org.apache.cassandra.service.StorageService.initServer(StorageService.java:451)
	at org.apache.cassandra.service.CassandraDaemon.setup(CassandraDaemon.java:347)
	at org.apache.cassandra.service.CassandraDaemon.activate(CassandraDaemon.java:446)
	at org.apache.cassandra.service.CassandraDaemon.main(CassandraDaemon.java:489)
java.lang.RuntimeException: No other nodes seen!  Unable to bootstrap.If you intended to start a single-node cluster, you should make sure your broadcast_address (or listen_address) is listed as a seed.  Otherwise, you need to determine why the seed being contacted has no knowledge of the rest of the cluster.  Usually, this can be solved by giving all nodes the same seed list.
	at org.apache.cassandra.dht.BootStrapper.getBootstrapSource(BootStrapper.java:154)
	at org.apache.cassandra.dht.BootStrapper.getBalancedToken(BootStrapper.java:135)
	at org.apache.cassandra.dht.BootStrapper.getBootstrapTokens(BootStrapper.java:115)
	at org.apache.cassandra.service.StorageService.joinTokenRing(StorageService.java:666)
	at org.apache.cassandra.service.StorageService.initServer(StorageService.java:554)
	at org.apache.cassandra.service.StorageService.initServer(StorageService.java:451)
	at org.apache.cassandra.service.CassandraDaemon.setup(CassandraDaemon.java:347)
	at org.apache.cassandra.service.CassandraDaemon.activate(CassandraDaemon.java:446)
	at org.apache.cassandra.service.CassandraDaemon.main(CassandraDaemon.java:489)
java.lang.RuntimeException: No other nodes seen!  Unable to bootstrap.If you intended to start a single-node cluster, you should make sure your broadcast_address (or listen_address) is listed as a seed.  Otherwise, you need to determine why the seed being contacted has no knowledge of the rest of the cluster.  Usually, this can be solved by giving all nodes the same seed list.
	at org.apache.cassandra.dht.BootStrapper.getBootstrapSource(BootStrapper.java:154)
	at org.apache.cassandra.dht.BootStrapper.getBalancedToken(BootStrapper.java:135)
	at org.apache.cassandra.dht.BootStrapper.getBootstrapTokens(BootStrapper.java:115)
	at org.apache.cassandra.service.StorageService.joinTokenRing(StorageService.java:666)
	at org.apache.cassandra.service.StorageService.initServer(StorageService.java:554)
	at org.apache.cassandra.service.StorageService.initServer(StorageService.java:451)
	at org.apache.cassandra.service.CassandraDaemon.setup(CassandraDaemon.java:347)
	at org.apache.cassandra.service.CassandraDaemon.activate(CassandraDaemon.java:446)
	at org.apache.cassandra.service.CassandraDaemon.main(CassandraDaemon.java:489)
java.lang.RuntimeException: No other nodes seen!  Unable to bootstrap.If you intended to start a single-node cluster, you should make sure your broadcast_address (or listen_address) is listed as a seed.  Otherwise, you need to determine why the seed being contacted has no knowledge of the rest of the cluster.  Usually, this can be solved by giving all nodes the same seed list.
	at org.apache.cassandra.dht.BootStrapper.getBootstrapSource(BootStrapper.java:154)
	at org.apache.cassandra.dht.BootStrapper.getBalancedToken(BootStrapper.java:135)
	at org.apache.cassandra.dht.BootStrapper.getBootstrapTokens(BootStrapper.java:115)
	at org.apache.cassandra.service.StorageService.joinTokenRing(StorageService.java:666)
	at org.apache.cassandra.service.StorageService.initServer(StorageService.java:554)
	at org.apache.cassandra.service.StorageService.initServer(StorageService.java:451)
	at org.apache.cassandra.service.CassandraDaemon.setup(CassandraDaemon.java:347)
	at org.apache.cassandra.service.CassandraDaemon.activate(CassandraDaemon.java:446)
	at org.apache.cassandra.service.CassandraDaemon.main(CassandraDaemon.java:489)
java.lang.RuntimeException: No other nodes seen!  Unable to bootstrap.If you intended to start a single-node cluster, you should make sure your broadcast_address (or listen_address) is listed as a seed.  Otherwise, you need to determine why the seed being contacted has no knowledge of the rest of the cluster.  Usually, this can be solved by giving all nodes the same seed list.
	at org.apache.cassandra.dht.BootStrapper.getBootstrapSource(BootStrapper.java:154)
	at org.apache.cassandra.dht.BootStrapper.getBalancedToken(BootStrapper.java:135)
	at org.apache.cassandra.dht.BootStrapper.getBootstrapTokens(BootStrapper.java:115)
	at org.apache.cassandra.service.StorageService.joinTokenRing(StorageService.java:666)
	at org.apache.cassandra.service.StorageService.initServer(StorageService.java:554)
	at org.apache.cassandra.service.StorageService.initServer(StorageService.java:451)
	at org.apache.cassandra.service.CassandraDaemon.setup(CassandraDaemon.java:347)
	at org.apache.cassandra.service.CassandraDaemon.activate(CassandraDaemon.java:446)
	at org.apache.cassandra.service.CassandraDaemon.main(CassandraDaemon.java:489)
java.lang.RuntimeException: No other nodes seen!  Unable to bootstrap.If you intended to start a single-node cluster, you should make sure your broadcast_address (or listen_address) is listed as a seed.  Otherwise, you need to determine why the seed being contacted has no knowledge of the rest of the cluster.  Usually, this can be solved by giving all nodes the same seed list.
	at org.apache.cassandra.dht.BootStrapper.getBootstrapSource(BootStrapper.java:154)
	at org.apache.cassandra.dht.BootStrapper.getBalancedToken(BootStrapper.java:135)
	at org.apache.cassandra.dht.BootStrapper.getBootstrapTokens(BootStrapper.java:115)
	at org.apache.cassandra.service.StorageService.joinTokenRing(StorageService.java:666)
	at org.apache.cassandra.service.StorageService.initServer(StorageService.java:554)
	at org.apache.cassandra.service.StorageService.initServer(StorageService.java:451)
	at org.apache.cassandra.service.CassandraDaemon.setup(CassandraDaemon.java:347)
	at org.apache.cassandra.service.CassandraDaemon.activate(CassandraDaemon.java:446)
	at org.apache.cassandra.service.CassandraDaemon.main(CassandraDaemon.java:489)
java.lang.RuntimeException: No other nodes seen!  Unable to bootstrap.If you intended to start a single-node cluster, you should make sure your broadcast_address (or listen_address) is listed as a seed.  Otherwise, you need to determine why the seed being contacted has no knowledge of the rest of the cluster.  Usually, this can be solved by giving all nodes the same seed list.
	at org.apache.cassandra.dht.BootStrapper.getBootstrapSource(BootStrapper.java:154)
	at org.apache.cassandra.dht.BootStrapper.getBalancedToken(BootStrapper.java:135)
	at org.apache.cassandra.dht.BootStrapper.getBootstrapTokens(BootStrapper.java:115)
	at org.apache.cassandra.service.StorageService.joinTokenRing(StorageService.java:666)
	at org.apache.cassandra.service.StorageService.initServer(StorageService.java:554)
	at org.apache.cassandra.service.StorageService.initServer(StorageService.java:451)
	at org.apache.cassandra.service.CassandraDaemon.setup(CassandraDaemon.java:347)
	at org.apache.cassandra.service.CassandraDaemon.activate(CassandraDaemon.java:446)
	at org.apache.cassandra.service.CassandraDaemon.main(CassandraDaemon.java:489)
java.lang.RuntimeException: No other nodes seen!  Unable to bootstrap.If you intended to start a single-node cluster, you should make sure your broadcast_address (or listen_address) is listed as a seed.  Otherwise, you need to determine why the seed being contacted has no knowledge of the rest of the cluster.  Usually, this can be solved by giving all nodes the same seed list.
	at org.apache.cassandra.dht.BootStrapper.getBootstrapSource(BootStrapper.java:154)
	at org.apache.cassandra.dht.BootStrapper.getBalancedToken(BootStrapper.java:135)
	at org.apache.cassandra.dht.BootStrapper.getBootstrapTokens(BootStrapper.java:115)
	at org.apache.cassandra.service.StorageService.joinTokenRing(StorageService.java:666)
	at org.apache.cassandra.service.StorageService.initServer(StorageService.java:554)
	at org.apache.cassandra.service.StorageService.initServer(StorageService.java:451)
	at org.apache.cassandra.service.CassandraDaemon.setup(CassandraDaemon.java:347)
	at org.apache.cassandra.service.CassandraDaemon.activate(CassandraDaemon.java:446)
	at org.apache.cassandra.service.CassandraDaemon.main(CassandraDaemon.java:489)
java.lang.RuntimeException: No other nodes seen!  Unable to bootstrap.If you intended to start a single-node cluster, you should make sure your broadcast_address (or listen_address) is listed as a seed.  Otherwise, you need to determine why the seed being contacted has no knowledge of the rest of the cluster.  Usually, this can be solved by giving all nodes the same seed list.
	at org.apache.cassandra.dht.BootStrapper.getBootstrapSource(BootStrapper.java:154)
	at org.apache.cassandra.dht.BootStrapper.getBalancedToken(BootStrapper.java:135)
	at org.apache.cassandra.dht.BootStrapper.getBootstrapTokens(BootStrapper.java:115)
	at org.apache.cassandra.service.StorageService.joinTokenRing(StorageService.java:666)
	at org.apache.cassandra.service.StorageService.initServer(StorageService.java:554)
	at org.apache.cassandra.service.StorageService.initServer(StorageService.java:451)
	at org.apache.cassandra.service.CassandraDaemon.setup(CassandraDaemon.java:347)
	at org.apache.cassandra.service.CassandraDaemon.activate(CassandraDaemon.java:446)
	at org.apache.cassandra.service.CassandraDaemon.main(CassandraDaemon.java:489)
